
Showing logs for build [32mcb-kubecd-environment-pr-205-18-sxblw-1[0m stage [32mfrom-build-pack[0m and container [32mstep-credential-initializer-hgtrl[0m
{"level":"info","ts":1587207089.8943741,"logger":"fallback-logger","caller":"logging/config.go:69","msg":"Fetch GitHub commit ID from kodata failed: open /var/run/ko/refs/heads/0.8.0-ns-support: no such file or directory"}
{"level":"info","ts":1587207089.895264,"logger":"fallback-logger","caller":"creds-init/main.go:40","msg":"Credentials initialized."}

Showing logs for build [32mcb-kubecd-environment-pr-205-18-sxblw-1[0m stage [32mfrom-build-pack[0m and container [32mstep-working-dir-initializer-hcn55[0m
{"level":"info","ts":1587207090.8539348,"logger":"fallback-logger","caller":"logging/config.go:69","msg":"Fetch GitHub commit ID from kodata failed: open /var/run/ko/HEAD: no such file or directory"}
{"level":"info","ts":1587207090.8558626,"logger":"fallback-logger","caller":"bash/main.go:64","msg":"Successfully executed command \"sh -c mkdir -p /workspace/source\"; output "}

Showing logs for build [32mcb-kubecd-environment-pr-205-18-sxblw-1[0m stage [32mfrom-build-pack[0m and container [32mstep-place-tools[0m

Showing logs for build [32mcb-kubecd-environment-pr-205-18-sxblw-1[0m stage [32mfrom-build-pack[0m and container [32mstep-git-source-cb-kubecd-environment-pr-205-18-sxblw-h4vcf[0m
{"level":"info","ts":1587207093.9943936,"logger":"fallback-logger","caller":"logging/config.go:69","msg":"Fetch GitHub commit ID from kodata failed: open /var/run/ko/refs/heads/0.8.0-ns-support: no such file or directory"}
{"level":"info","ts":1587207095.0373273,"logger":"fallback-logger","caller":"git/git.go:103","msg":"Successfully cloned https://github.com/cb-kubecd/environment-pr-205-18-boot-vault-gke-production.git @ master in path /workspace/source"}

Showing logs for build [32mcb-kubecd-environment-pr-205-18-sxblw-1[0m stage [32mfrom-build-pack[0m and container [32mstep-git-merge[0m
Using SHAs from PULL_REFS=master:876b6c7e4a66ad22c885e6ced7c4613c9f5caa7b,1:4225b9b325738aaab7df1413da33610e7f83cfca
DEBUG: LC_ALL=C JX_LOG_LEVEL=error git fetch origin --unshallow 4225b9b325738aaab7df1413da33610e7f83cfca: 876b6c7e4a66ad22c885e6ced7c4613c9f5caa7b:
DEBUG: ran git fetch --unshallow origin 4225b9b325738aaab7df1413da33610e7f83cfca: 876b6c7e4a66ad22c885e6ced7c4613c9f5caa7b: in 
DEBUG: LC_ALL=C JX_LOG_LEVEL=error git branch
DEBUG: LC_ALL=C JX_LOG_LEVEL=error git checkout master
DEBUG: ran git checkout master in 
DEBUG: LC_ALL=C JX_LOG_LEVEL=error git reset --hard 876b6c7e4a66ad22c885e6ced7c4613c9f5caa7b
DEBUG: ran git reset --hard 876b6c7e4a66ad22c885e6ced7c4613c9f5caa7b in 
DEBUG: LC_ALL=C JX_LOG_LEVEL=error git clean -fd .
DEBUG: ran clean --force -d . in 
DEBUG: LC_ALL=C JX_LOG_LEVEL=error git merge 4225b9b325738aaab7df1413da33610e7f83cfca
DEBUG: ran git merge 4225b9b325738aaab7df1413da33610e7f83cfca in 
DEBUG: LC_ALL=C JX_LOG_LEVEL=error git log --format=%H%x1f%an%x1f%ae%x1f%cn%x1f%ce%x1f%s%n%b%x1e 876b6c7e4a66ad22c885e6ced7c4613c9f5caa7b..HEAD
Merged SHA 4225b9b325738aaab7df1413da33610e7f83cfca with commit message 'chore: Promote bdd-spring-1587205974 to version 0.0.1' into base branch master

Showing logs for build [32mcb-kubecd-environment-pr-205-18-sxblw-1[0m stage [32mfrom-build-pack[0m and container [32mstep-build-helm-build[0m
WARNING: No $CHART_REPOSITORY defined so using the default value of: http://jenkins-x-chartmuseum:8080
Adding missing Helm repo: storage.googleapis.com https://storage.googleapis.com/chartmuseum.jenkins-x.io
WARNING: No secrets found on "helm/repos" due: reading the secret "helm/repos" from vault: no secret "helm/repos" not found in vault
Read credentials for https://storage.googleapis.com/chartmuseum.jenkins-x.io from vault helm/repos
Successfully added Helm repository storage.googleapis.com.
Adding missing Helm repo: jenkins-x-chartmuseum http://jenkins-x-chartmuseum:8080
WARNING: No secrets found on "helm/repos" due: reading the secret "helm/repos" from vault: no secret "helm/repos" not found in vault
Read credentials for http://jenkins-x-chartmuseum:8080 from vault helm/repos
Successfully added Helm repository jenkins-x-chartmuseum.
WARNING: No $CHART_REPOSITORY defined so using the default value of: http://jenkins-x-chartmuseum:8080
Adding missing Helm repo: chartmuseum.jenkins-x.io http://chartmuseum.jenkins-x.io
WARNING: No secrets found on "helm/repos" due: reading the secret "helm/repos" from vault: no secret "helm/repos" not found in vault
Read credentials for http://chartmuseum.jenkins-x.io from vault helm/repos
Successfully added Helm repository chartmuseum.jenkins-x.io.
